<?xml version="1.0" encoding="UTF-8"?>
<!-- Generated by org.testng.reporters.JUnitXMLReporter -->
<testsuite hostname="DESKTOP-0EP1HI9" failures="0" tests="3" name="TestFirst" time="33.208" errors="0" timestamp="8 Jul 2021 11:13:36 GMT">
  <testcase classname="dps.com.testproj.NewTest1" name="startTestOne" time="0.013"/>
  <testcase classname="dps.com.testproj.NewTest2" name="startFirefox" time="1.211"/>
  <testcase classname="dps.com.testproj.NewTest3" name="startTrellShopWebsite" time="7.645"/>
</testsuite> <!-- TestFirst -->
