<?xml version="1.0" encoding="UTF-8"?>
<testsuite xmlns:xsi="http://www.w3.org/2001/XMLSchema-instance" xsi:noNamespaceSchemaLocation="https://maven.apache.org/surefire/maven-surefire-plugin/xsd/surefire-test-report-3.0.xsd" version="3.0" name="TestSuite" time="34.468" tests="3" errors="0" skipped="0" failures="0">
  <properties>
[...]
</properties>
  <testcase name="startTestOne" classname="dps.com.testproj.NewTest1" time="0.013"/>
  <testcase name="startFirefox" classname="dps.com.testproj.NewTest2" time="1.214"/>
  <testcase name="startTrellShopWebsite" classname="dps.com.testproj.NewTest3" time="7.646"/>
</testsuite>