<?xml version="1.0" encoding="UTF-8"?>
<testsuite xmlns:xsi="http://www.w3.org/2001/XMLSchema-instance" xsi:noNamespaceSchemaLocation="https://maven.apache.org/surefire/maven-surefire-plugin/xsd/surefire-test-report-3.0.xsd" version="3.0" name="TestSuite" time="52.313" tests="4" errors="0" skipped="0" failures="2">
  <properties>
[...]
</properties>
  <testcase name="startTestOne" classname="dps.com.testproj.NewTest1" time="0.008"/>
  <testcase name="startFirefox" classname="dps.com.testproj.NewTest2" time="0.206">
    <failure message="Unable to locate a node using //button[@class=&apos;initial active&apos;]&#10;For documentation on this error, please visit: https://www.seleniumhq.org/exceptions/no_such_element.html&#10;Build info: version: &apos;3.141.59&apos;, revision: &apos;e82be7d358&apos;, time: &apos;2018-11-14T08:17:03&apos;&#10;System info: host: &apos;DESKTOP-0EP1HI9&apos;, ip: &apos;192.168.56.1&apos;, os.name: &apos;Windows 10&apos;, os.arch: &apos;amd64&apos;, os.version: &apos;10.0&apos;, java.version: &apos;1.8.0_291&apos;&#10;Driver info: driver.version: HtmlUnitDriver" type="org.openqa.selenium.NoSuchElementException"><![CDATA[org.openqa.selenium.NoSuchElementException: 
Unable to locate a node using //button[@class='initial active']
For documentation on this error, please visit: https://www.seleniumhq.org/exceptions/no_such_element.html
Build info: version: '3.141.59', revision: 'e82be7d358', time: '2018-11-14T08:17:03'
System info: host: 'DESKTOP-0EP1HI9', ip: '192.168.56.1', os.name: 'Windows 10', os.arch: 'amd64', os.version: '10.0', java.version: '1.8.0_291'
Driver info: driver.version: HtmlUnitDriver
	at dps.com.testproj.NewTest2.startFirefox(NewTest2.java:37)
]]></failure>
  </testcase>
  <testcase name="startTrellShopWebsite" classname="dps.com.testproj.NewTest3" time="30.037">
    <failure message="Expected condition failed: waiting for visibility of element located by By.cssSelector: #search-input (tried for 30 second(s) with 500 milliseconds interval)" type="org.openqa.selenium.TimeoutException"><![CDATA[org.openqa.selenium.TimeoutException: Expected condition failed: waiting for visibility of element located by By.cssSelector: #search-input (tried for 30 second(s) with 500 milliseconds interval)
	at dps.com.testproj.NewTest3.startTrellShopWebsite(NewTest3.java:38)
Caused by: org.openqa.selenium.NoSuchElementException: 
Returned node (null) was not a DOM element
For documentation on this error, please visit: https://www.seleniumhq.org/exceptions/no_such_element.html
Build info: version: '3.141.59', revision: 'e82be7d358', time: '2018-11-14T08:17:03'
System info: host: 'DESKTOP-0EP1HI9', ip: '192.168.56.1', os.name: 'Windows 10', os.arch: 'amd64', os.version: '10.0', java.version: '1.8.0_291'
Driver info: driver.version: HtmlUnitDriver
	at dps.com.testproj.NewTest3.startTrellShopWebsite(NewTest3.java:38)
]]></failure>
  </testcase>
  <testcase name="newBrokenCheckLink" classname="dps.com.testproj.CheckBrokenLink" time="1.618"/>
</testsuite>