<?xml version="1.0" encoding="UTF-8"?>
<testng-results total="1" passed="1" failed="0" skipped="0">
  <reporter-output>
  </reporter-output>
  <suite started-at="2021-07-30T07:39:12Z" name="Default suite" finished-at="2021-07-30T07:39:21Z" duration-ms="9547">
    <groups>
    </groups>
    <test started-at="2021-07-30T07:39:12Z" name="Default test" finished-at="2021-07-30T07:39:21Z" duration-ms="9547">
      <class name="dps.com.testproj.ReadPDF">
        <test-method is-config="true" signature="setUp()[pri:0, instance:dps.com.testproj.ReadPDF@662706a7]" started-at="2021-07-30T12:39:12Z" name="setUp" finished-at="2021-07-30T12:39:14Z" duration-ms="2411" status="PASS">
          <reporter-output>
          </reporter-output>
        </test-method> <!-- setUp -->
        <test-method signature="readPDFDocument()[pri:0, instance:dps.com.testproj.ReadPDF@662706a7]" started-at="2021-07-30T12:39:14Z" name="readPDFDocument" finished-at="2021-07-30T12:39:20Z" duration-ms="5864" status="PASS">
          <reporter-output>
          </reporter-output>
        </test-method> <!-- readPDFDocument -->
        <test-method is-config="true" signature="tearDown()[pri:0, instance:dps.com.testproj.ReadPDF@662706a7]" started-at="2021-07-30T12:39:20Z" name="tearDown" finished-at="2021-07-30T12:39:21Z" duration-ms="1249" status="PASS">
          <reporter-output>
          </reporter-output>
        </test-method> <!-- tearDown -->
      </class> <!-- dps.com.testproj.ReadPDF -->
    </test> <!-- Default test -->
  </suite> <!-- Default suite -->
</testng-results>
