<?xml version="1.0" encoding="UTF-8"?>
<testng-results total="1" passed="1" failed="0" skipped="0">
  <reporter-output>
  </reporter-output>
  <suite started-at="2021-07-30T05:32:06Z" name="Default suite" finished-at="2021-07-30T05:32:39Z" duration-ms="33317">
    <groups>
    </groups>
    <test started-at="2021-07-30T05:32:06Z" name="Default test" finished-at="2021-07-30T05:32:39Z" duration-ms="33317">
      <class name="dps.com.testproj.CheckBrokenLink">
        <test-method is-config="true" signature="startChromeHere()[pri:0, instance:dps.com.testproj.CheckBrokenLink@7674b62c]" started-at="2021-07-30T10:32:06Z" name="startChromeHere" finished-at="2021-07-30T10:32:06Z" duration-ms="351" status="PASS">
          <reporter-output>
          </reporter-output>
        </test-method> <!-- startChromeHere -->
        <test-method signature="newBrokenCheckLink()[pri:0, instance:dps.com.testproj.CheckBrokenLink@7674b62c]" started-at="2021-07-30T10:32:06Z" name="newBrokenCheckLink" finished-at="2021-07-30T10:32:39Z" duration-ms="32311" status="PASS">
          <reporter-output>
          </reporter-output>
        </test-method> <!-- newBrokenCheckLink -->
        <test-method is-config="true" signature="quiteBrowser()[pri:0, instance:dps.com.testproj.CheckBrokenLink@7674b62c]" started-at="2021-07-30T10:32:39Z" name="quiteBrowser" finished-at="2021-07-30T10:32:39Z" duration-ms="626" status="PASS">
          <reporter-output>
          </reporter-output>
        </test-method> <!-- quiteBrowser -->
      </class> <!-- dps.com.testproj.CheckBrokenLink -->
    </test> <!-- Default test -->
  </suite> <!-- Default suite -->
</testng-results>
